\BOOKMARK [0][-]{chapter.1}{\376\377\137\025\212\000}{}% 1
\BOOKMARK [1][-]{section.1.1}{\376\377\170\024\172\166\200\314\146\157\116\016\141\017\116\111}{chapter.1}% 2
\BOOKMARK [1][-]{section.1.2}{\376\377\126\375\121\205\131\026\170\024\172\166\163\260\162\266}{chapter.1}% 3
\BOOKMARK [2][-]{subsection.1.2.1}{\376\377\000H\000a\000r\000n\000e\000s\000s\000\040\135\345\172\013\166\204\201\352\122\250\123\026\117\030\123\026}{section.1.2}% 4
\BOOKMARK [2][-]{subsection.1.2.2}{\376\377\201\352\142\021\145\071\217\333\127\213\146\172\200\375\117\123\116\016\133\211\121\150\143\021\142\030}{section.1.2}% 5
\BOOKMARK [2][-]{subsection.1.2.3}{\376\377\176\304\116\366\123\026\174\373\176\337\116\016\143\245\123\343\131\121\176\246}{section.1.2}% 6
\BOOKMARK [1][-]{section.1.3}{\376\377\170\024\172\166\166\356\150\007\116\016\116\073\211\201\215\041\163\056}{chapter.1}% 7
\BOOKMARK [1][-]{section.1.4}{\376\377\213\272\145\207\176\323\147\204}{chapter.1}% 8
\BOOKMARK [0][-]{chapter.2}{\376\377\166\370\121\163\170\024\172\166\116\016\127\372\170\100\151\202\137\365}{}% 9
\BOOKMARK [1][-]{section.2.1}{\376\377\000H\000a\000r\000n\000e\000s\000s\000\040\135\345\172\013\116\016\000\040\000L\000L\000M\000\040\174\373\176\337\117\030\123\026}{chapter.2}% 10
\BOOKMARK [2][-]{subsection.2.1.1}{\376\377\000H\000a\000r\000n\000e\000s\000s\000\040\166\204\133\232\116\111\116\016\221\315\211\201\140\047}{section.2.1}% 11
\BOOKMARK [2][-]{subsection.2.1.2}{\376\377\000M\000e\000t\000a\000-\000H\000a\000r\000n\000e\000s\000s\000\040\166\204\121\163\225\056\145\271\154\325\213\272}{section.2.1}% 12
\BOOKMARK [1][-]{section.2.2}{\376\377\201\352\122\250\116\343\164\006\213\276\213\241\174\373\176\337\377\010\000A\000D\000A\000S\377\011}{chapter.2}% 13
\BOOKMARK [2][-]{subsection.2.2.1}{\376\377\000A\000D\000A\000S\000\040\166\204\170\024\172\166\203\003\137\017}{section.2.2}% 14
\BOOKMARK [2][-]{subsection.2.2.2}{\376\377\116\316\000\040\000A\000D\000A\000S\000\040\122\060\121\103\000H\000a\000r\000n\000e\000s\000s\166\204\146\040\134\004}{section.2.2}% 15
\BOOKMARK [1][-]{section.2.3}{\376\377\201\352\142\021\145\071\217\333\127\213\146\172\200\375\117\123\116\016\133\211\121\150\143\021\142\030}{chapter.2}% 16
\BOOKMARK [2][-]{subsection.2.3.1}{\376\377\000G\000\366\000d\000e\000l\000\040\000A\000g\000e\000n\000t\000\040\116\016\220\022\137\122\201\352\142\021\145\071\217\333}{section.2.3}% 17
\BOOKMARK [2][-]{subsection.2.3.2}{\376\377\000D\000a\000r\000w\000i\000n\000\040\000G\000\366\000d\000e\000l\000\040\000M\000a\000c\000h\000i\000n\000e\377\010\000D\000G\000M\377\011}{section.2.3}% 18
\BOOKMARK [2][-]{subsection.2.3.3}{\376\377\133\211\121\150\226\062\142\244\166\204\121\161\213\306}{section.2.3}% 19
\BOOKMARK [1][-]{section.2.4}{\376\377\131\032\166\356\150\007\117\030\123\026\116\016\000\040\000P\000a\000r\000e\000t\000o\000\040\145\066\145\133}{chapter.2}% 20
\BOOKMARK [2][-]{subsection.2.4.1}{\376\377\131\032\166\356\150\007\117\030\123\026\225\356\230\230}{section.2.4}% 21
\BOOKMARK [2][-]{subsection.2.4.2}{\376\377\000P\000a\000r\000e\000t\000o\000\040\145\057\221\115\116\016\000\040\000P\000a\000r\000e\000t\000o\000\040\122\115\154\277}{section.2.4}% 22
\BOOKMARK [2][-]{subsection.2.4.3}{\376\377\215\205\117\123\171\357\377\010\000H\000y\000p\000e\000r\000v\000o\000l\000u\000m\000e\377\011}{section.2.4}% 23
\BOOKMARK [1][-]{section.2.5}{\376\377\176\304\116\366\123\026\174\373\176\337\116\016\143\245\123\343\131\121\176\246}{chapter.2}% 24
\BOOKMARK [2][-]{subsection.2.5.1}{\376\377\176\304\116\366\123\026\213\276\213\241\166\204\117\030\122\277}{section.2.5}% 25
\BOOKMARK [2][-]{subsection.2.5.2}{\376\377\143\245\123\343\131\121\176\246\116\016\122\250\140\001\221\315\147\204}{section.2.5}% 26
\BOOKMARK [1][-]{section.2.6}{\376\377\147\054\172\340\134\017\176\323}{chapter.2}% 27
\BOOKMARK [0][-]{chapter.3}{\376\377\121\103\000H\000a\000r\000n\000e\000s\000s\150\106\147\266\140\073\117\123\213\276\213\241}{}% 28
\BOOKMARK [1][-]{section.3.1}{\376\377\213\276\213\241\164\006\137\365}{chapter.3}% 29
\BOOKMARK [2][-]{subsection.3.1.1}{\376\377\116\316\126\372\133\232\221\115\177\156\122\060\201\352\142\021\210\115\165\037}{section.3.1}% 30
\BOOKMARK [2][-]{subsection.3.1.2}{\376\377\217\355\116\343\145\066\145\133\116\016\124\016\232\214\213\357\135\356}{section.3.1}% 31
\BOOKMARK [1][-]{section.3.2}{\376\377\176\337\116\000\147\057\213\355\127\372\176\277}{chapter.3}% 32
\BOOKMARK [1][-]{section.3.3}{\376\377\116\135\131\047\150\070\137\303\127\372\170\100\176\304\116\366\000\040\000+\000\040\121\103\134\102\117\030\123\026\126\150}{chapter.3}% 33
\BOOKMARK [2][-]{subsection.3.3.1}{\376\377\142\151\134\125\200\375\122\233\377\010\227\136\150\070\137\303\122\006\174\173\377\011}{section.3.3}% 34
\BOOKMARK [2][-]{subsection.3.3.2}{\376\377\176\304\116\366\176\304\124\010\211\304\122\031}{section.3.3}% 35
\BOOKMARK [1][-]{section.3.4}{\376\377\176\323\147\204\123\026\221\115\177\156\145\271\150\110}{chapter.3}% 36
\BOOKMARK [2][-]{subsection.3.4.1}{\376\377\221\115\177\156\145\207\116\366\166\204\150\070\137\303\150\007\173\176}{section.3.4}% 37
\BOOKMARK [1][-]{section.3.5}{\376\377\143\245\123\343\131\121\176\246\116\016\121\174\133\271\140\047\150\041\232\214}{chapter.3}% 38
\BOOKMARK [2][-]{subsection.3.5.1}{\376\377\143\245\123\343\150\007\121\306\123\026\166\204\137\305\211\201\140\047}{section.3.5}% 39
\BOOKMARK [2][-]{subsection.3.5.2}{\376\377\121\174\133\271\140\047\150\041\232\214\211\304\122\031}{section.3.5}% 40
\BOOKMARK [2][-]{subsection.3.5.3}{\376\377\131\121\176\246\232\161\122\250\166\204\122\250\117\134\172\172\225\364\122\152\147\235}{section.3.5}% 41
\BOOKMARK [2][-]{subsection.3.5.4}{\376\377\120\031\220\011\126\376\176\304\210\305\116\016\162\110\147\054\173\241\164\006}{section.3.5}% 42
\BOOKMARK [2][-]{subsection.3.5.5}{\376\377\176\304\116\366\165\037\124\175\124\150\147\037\377\010\000S\000t\000a\000g\000e\000d\000\040\000L\000i\000f\000e\000c\000y\000c\000l\000e\377\011}{section.3.5}% 43
\BOOKMARK [2][-]{subsection.3.5.6}{\376\377\213\276\213\241\176\246\147\137}{section.3.5}% 44
\BOOKMARK [2][-]{subsection.3.5.7}{\376\377\143\245\123\343\131\121\176\246\166\204\135\345\172\013\133\236\163\260}{section.3.5}% 45
\BOOKMARK [2][-]{subsection.3.5.8}{\376\377\160\355\122\240\217\175\162\266\140\001\217\301\171\373\123\117\213\256}{section.3.5}% 46
\BOOKMARK [1][-]{section.3.6}{\376\377\147\054\172\340\134\017\176\323}{chapter.3}% 47
\BOOKMARK [0][-]{chapter.4}{\376\377\201\352\142\021\221\315\225\177\147\072\122\066\116\016\133\211\121\150\143\247\122\066}{}% 48
\BOOKMARK [1][-]{section.4.1}{\376\377\140\047\200\375\164\366\230\210\232\161\122\250\166\204\211\346\123\321\147\141\116\366}{chapter.4}% 49
\BOOKMARK [2][-]{subsection.4.1.1}{\376\377\131\032\176\364\140\047\200\375\124\021\221\317\166\204\213\241\173\227}{section.4.1}% 50
\BOOKMARK [2][-]{subsection.4.1.2}{\376\377\164\366\230\210\122\044\145\255\220\073\217\221}{section.4.1}% 51
\BOOKMARK [1][-]{section.4.2}{\376\377\000P\000a\000r\000e\000t\000o\000\040\131\032\166\356\150\007\124\016\232\214\213\357\135\356\213\304\117\060}{chapter.4}% 52
\BOOKMARK [2][-]{subsection.4.2.1}{\376\377\116\316\122\240\147\103\154\102\124\214\122\060\000\040\000P\000a\000r\000e\000t\000o\000\040\117\030\123\026}{section.4.2}% 53
\BOOKMARK [2][-]{subsection.4.2.2}{\376\377\136\046\176\246\147\137\166\204\150\007\221\317\123\026\173\126\165\145}{section.4.2}% 54
\BOOKMARK [2][-]{subsection.4.2.3}{\376\377\000H\000y\000p\000e\000r\000v\000o\000l\000u\000m\000e\000\040\117\134\116\072\145\066\145\133\143\007\150\007}{section.4.2}% 55
\BOOKMARK [1][-]{section.4.3}{\376\377\123\327\176\246\147\137\166\204\176\304\116\366\165\037\142\020\116\016\117\030\123\026}{chapter.4}% 56
\BOOKMARK [2][-]{subsection.4.3.1}{\376\377\162\266\140\001\172\172\225\364}{section.4.3}% 57
\BOOKMARK [2][-]{subsection.4.3.2}{\376\377\162\266\140\001\177\026\170\001\166\204\135\345\172\013\147\103\210\141}{section.4.3}% 58
\BOOKMARK [2][-]{subsection.4.3.3}{\376\377\122\250\117\134\172\172\225\364\377\010\126\333\134\102\122\250\117\134\157\017\145\227\377\011}{section.4.3}% 59
\BOOKMARK [2][-]{subsection.4.3.4}{\376\377\131\126\122\261\121\375\145\160\000\040\000/\000\040\220\002\136\224\136\246\121\375\145\160}{section.4.3}% 60
\BOOKMARK [2][-]{subsection.4.3.5}{\376\377\147\000\134\017\123\357\210\114\000\040\000P\000r\000o\000p\000o\000s\000e\000r}{section.4.3}% 61
\BOOKMARK [1][-]{section.4.4}{\376\377\126\333\176\247\133\211\121\150\143\247\122\066\147\072\122\066}{chapter.4}% 62
\BOOKMARK [2][-]{subsection.4.4.1}{\376\377\173\054\116\000\176\247\377\032\154\231\173\261\232\214\213\301\377\010\000S\000a\000n\000d\000b\000o\000x\000\040\000V\000a\000l\000i\000d\000a\000t\000i\000o\000n\377\011}{section.4.4}% 63
\BOOKMARK [2][-]{subsection.4.4.2}{\376\377\173\054\116\214\176\247\377\032\000A\000/\000B\000\040\137\161\133\120\155\113\213\325\377\010\000S\000h\000a\000d\000o\000w\000\040\000A\000/\000B\000\040\000T\000e\000s\000t\377\011}{section.4.4}% 64
\BOOKMARK [2][-]{subsection.4.4.3}{\376\377\173\054\116\011\176\247\377\032\000P\000o\000l\000i\000c\000y\000\040\133\252\154\325\124\046\121\263\377\010\000C\000o\000n\000s\000t\000i\000t\000u\000t\000i\000o\000n\000a\000l\000\040\000V\000e\000t\000o\377\011}{section.4.4}% 65
\BOOKMARK [2][-]{subsection.4.4.4}{\376\377\173\054\126\333\176\247\377\032\201\352\122\250\126\336\156\332\377\010\000A\000u\000t\000o\000m\000a\000t\000i\000c\000\040\000R\000o\000l\000l\000b\000a\000c\000k\377\011}{section.4.4}% 66
\BOOKMARK [1][-]{section.4.5}{\376\377\145\066\145\133\122\044\145\255\116\016\131\015\147\102\136\246\143\247\122\066}{chapter.4}% 67
\BOOKMARK [2][-]{subsection.4.5.1}{\376\377\176\337\213\241\145\066\145\133\121\306\122\031}{section.4.5}% 68
\BOOKMARK [2][-]{subsection.4.5.2}{\376\377\131\015\147\102\136\246\116\012\226\120\176\246\147\137}{section.4.5}% 69
\BOOKMARK [1][-]{section.4.6}{\376\377\147\054\172\340\134\017\176\323}{chapter.4}% 70
\BOOKMARK [0][-]{chapter.5}{\376\377\135\345\172\013\123\026\133\236\163\260\116\016\121\163\225\056\142\200\147\057}{}% 71
\BOOKMARK [1][-]{section.5.1}{\376\377\127\372\170\100\150\106\147\266\137\000\123\321\215\357\176\277}{chapter.5}% 72
\BOOKMARK [1][-]{section.5.2}{\376\377\176\304\116\366\152\041\147\177\136\223\116\016\116\343\170\001\165\037\142\020}{chapter.5}% 73
\BOOKMARK [2][-]{subsection.5.2.1}{\376\377\152\041\147\177\136\223\166\204\213\276\213\241\123\237\122\031}{section.5.2}% 74
\BOOKMARK [2][-]{subsection.5.2.2}{\376\377\121\170\127\213\152\041\147\177\171\072\117\213}{section.5.2}% 75
\BOOKMARK [2][-]{subsection.5.2.3}{\376\377\116\343\170\001\165\037\142\020\173\241\176\277}{section.5.2}% 76
\BOOKMARK [2][-]{subsection.5.2.4}{\376\377\176\306\174\222\136\246\232\250\147\266\116\016\151\375\117\115\130\153\121\105}{section.5.2}% 77
\BOOKMARK [1][-]{section.5.3}{\376\377\000O\000p\000t\000i\000m\000i\000z\000e\000r\116\055\166\204\144\034\175\042\116\016\117\030\123\026\173\126\165\145}{chapter.5}% 78
\BOOKMARK [2][-]{subsection.5.3.1}{\376\377\173\227\154\325\220\011\142\351\377\032\116\316\217\333\123\026\144\034\175\042\122\060\137\072\123\026\133\146\116\140}{section.5.3}% 79
\BOOKMARK [2][-]{subsection.5.3.2}{\376\377\162\266\140\001\177\026\170\001}{section.5.3}% 80
\BOOKMARK [2][-]{subsection.5.3.3}{\376\377\220\002\136\224\136\246\121\375\145\160\116\016\131\126\122\261\130\121\137\142}{section.5.3}% 81
\BOOKMARK [1][-]{section.5.4}{\376\377\154\231\173\261\116\016\000A\000/\000B\155\113\213\325\127\372\170\100\213\276\145\275}{chapter.5}% 82
\BOOKMARK [2][-]{subsection.5.4.1}{\376\377\133\271\126\150\123\026\154\231\173\261\163\257\130\203}{section.5.4}% 83
\BOOKMARK [2][-]{subsection.5.4.2}{\376\377\122\006\134\102\154\231\173\261\127\372\170\100\213\276\145\275}{section.5.4}% 84
\BOOKMARK [2][-]{subsection.5.4.3}{\376\377\000A\000/\000B\000\040\137\161\133\120\155\113\213\325\127\372\170\100\213\276\145\275}{section.5.4}% 85
\BOOKMARK [2][-]{subsection.5.4.4}{\376\377\122\006\136\003\137\017\116\213\122\241\126\336\156\332\116\016\000\040\000S\000a\000g\000a\000\040\000P\000a\000t\000t\000e\000r\000n}{section.5.4}% 86
\BOOKMARK [2][-]{subsection.5.4.5}{\376\377\000C\000h\000e\000c\000k\000p\000o\000i\000n\000t\000\040\174\173\127\213\116\016\173\126\165\145}{section.5.4}% 87
\BOOKMARK [1][-]{section.5.5}{\376\377\123\357\211\302\155\113\140\047\116\016\142\147\210\114\217\150\217\371\173\241\164\006}{chapter.5}% 88
\BOOKMARK [2][-]{subsection.5.5.1}{\376\377\211\302\155\113\145\160\143\156\166\204\134\102\153\041\176\323\147\204}{section.5.5}% 89
\BOOKMARK [2][-]{subsection.5.5.2}{\376\377\142\147\210\114\217\150\217\371\166\204\133\130\120\250\116\016\150\300\175\042}{section.5.5}% 90
\BOOKMARK [2][-]{subsection.5.5.3}{\376\377\117\356\145\071\213\301\143\156\133\371\214\141\116\016\214\061\174\373\217\375\216\052}{section.5.5}% 91
\BOOKMARK [2][-]{subsection.5.5.4}{\376\377\133\371\000\040\000O\000p\000t\000i\000m\000i\000z\000e\000r\000\040\166\204\123\315\116\213\133\236\213\312\145\255\145\057\143\001}{section.5.5}% 92
\BOOKMARK [1][-]{section.5.6}{\376\377\147\054\172\340\134\017\176\323}{chapter.5}% 93
\BOOKMARK [0][-]{chapter.6}{\376\377\140\073\176\323\116\016\134\125\147\033}{}% 94
\BOOKMARK [1][-]{section.6.1}{\376\377\116\073\211\201\135\345\117\134\140\073\176\323}{chapter.6}% 95
\BOOKMARK [1][-]{section.6.2}{\376\377\147\052\147\145\170\024\172\166\145\271\124\021}{chapter.6}% 96
